

Started GET "/assets/rails.png" for 192.168.223.1 at 2014-01-21 16:33:30 +0900
Connecting to database specified by database.yml
Served asset /rails.png - 304 Not Modified (2ms)


Started GET "/" for 192.168.223.1 at 2014-01-21 16:37:52 +0900
Connecting to database specified by database.yml
Processing by PagesController#index as HTML
  Rendered pages/index.html.erb within layouts/application (13.7ms)
Completed 500 Internal Server Error in 33.1ms

ActionView::Template::Error (cannot load such file -- less
  (in /usr/local/roma/roma-control/app/assets/stylesheets/bootstrap_and_overrides.css.less)):
    12:       <script src="//cdnjs.cloudflare.com/ajax/libs/html5shiv/3.6.1/html5shiv.js" type="text/javascript"></script>
    13:     <![endif]-->
    14: 
    15:     <%= stylesheet_link_tag "application", :media => "all" %>
    16: 
    17:     <!-- For third-generation iPad with high-resolution Retina display: -->
    18:     <!-- Size should be 144 x 144 pixels -->
  app/views/layouts/application.html.erb:15:in `_app_views_layouts_application_html_erb__1183333634210293926_70240468919380'


  Rendered /usr/local/rvm/gems/ruby-1.9.3-p448/gems/actionpack-3.2.16/lib/action_dispatch/middleware/templates/rescues/_trace.erb (1.0ms)
  Rendered /usr/local/rvm/gems/ruby-1.9.3-p448/gems/actionpack-3.2.16/lib/action_dispatch/middleware/templates/rescues/_request_and_response.erb (0.6ms)
  Rendered /usr/local/rvm/gems/ruby-1.9.3-p448/gems/actionpack-3.2.16/lib/action_dispatch/middleware/templates/rescues/template_error.erb within rescues/layout (6.8ms)


Started GET "/" for 192.168.223.1 at 2014-01-21 16:46:04 +0900
Connecting to database specified by database.yml
Processing by PagesController#index as HTML
  Rendered pages/index.html.erb within layouts/application (14.0ms)
Compiled bootstrap_and_overrides.css  (718ms)  (pid 2243)
Compiled pages.css  (84ms)  (pid 2243)
Compiled application.css  (811ms)  (pid 2243)
Compiled jquery.js  (2ms)  (pid 2243)
Compiled jquery_ujs.js  (0ms)  (pid 2243)
Compiled twitter/bootstrap/transition.js  (0ms)  (pid 2243)
Compiled twitter/bootstrap/alert.js  (0ms)  (pid 2243)
Compiled twitter/bootstrap/button.js  (0ms)  (pid 2243)
Compiled twitter/bootstrap/carousel.js  (0ms)  (pid 2243)
Compiled twitter/bootstrap/collapse.js  (0ms)  (pid 2243)
Compiled twitter/bootstrap/dropdown.js  (0ms)  (pid 2243)
Compiled twitter/bootstrap/modal.js  (0ms)  (pid 2243)
Compiled twitter/bootstrap/tooltip.js  (0ms)  (pid 2243)
Compiled twitter/bootstrap/popover.js  (0ms)  (pid 2243)
Compiled twitter/bootstrap/scrollspy.js  (0ms)  (pid 2243)
Compiled twitter/bootstrap/tab.js  (0ms)  (pid 2243)
Compiled twitter/bootstrap/affix.js  (0ms)  (pid 2243)
Compiled twitter/bootstrap.js  (82ms)  (pid 2243)
Compiled bootstrap.js  (39ms)  (pid 2243)
Compiled pages.js  (0ms)  (pid 2243)
Compiled application.js  (165ms)  (pid 2243)
Completed 200 OK in 1035.1ms (Views: 1034.7ms | ActiveRecord: 0.0ms)


Started GET "/assets/pages.css?body=1" for 192.168.223.1 at 2014-01-21 16:46:06 +0900
Served asset /pages.css - 200 OK (6ms)


Started GET "/assets/application.css?body=1" for 192.168.223.1 at 2014-01-21 16:46:06 +0900
Served asset /application.css - 200 OK (3ms)


Started GET "/assets/jquery.js?body=1" for 192.168.223.1 at 2014-01-21 16:46:06 +0900
Served asset /jquery.js - 200 OK (3ms)


Started GET "/assets/twitter/bootstrap/transition.js?body=1" for 192.168.223.1 at 2014-01-21 16:46:06 +0900
Served asset /twitter/bootstrap/transition.js - 200 OK (2ms)


Started GET "/assets/jquery_ujs.js?body=1" for 192.168.223.1 at 2014-01-21 16:46:06 +0900
Served asset /jquery_ujs.js - 200 OK (3ms)


Started GET "/assets/bootstrap_and_overrides.css?body=1" for 192.168.223.1 at 2014-01-21 16:46:06 +0900
Served asset /bootstrap_and_overrides.css - 200 OK (2ms)


Started GET "/assets/twitter/bootstrap/alert.js?body=1" for 192.168.223.1 at 2014-01-21 16:46:06 +0900
Served asset /twitter/bootstrap/alert.js - 200 OK (4ms)


Started GET "/assets/twitter/bootstrap/button.js?body=1" for 192.168.223.1 at 2014-01-21 16:46:06 +0900
Served asset /twitter/bootstrap/button.js - 200 OK (2ms)


Started GET "/assets/twitter/bootstrap/carousel.js?body=1" for 192.168.223.1 at 2014-01-21 16:46:06 +0900
Served asset /twitter/bootstrap/carousel.js - 200 OK (3ms)


Started GET "/assets/twitter/bootstrap/collapse.js?body=1" for 192.168.223.1 at 2014-01-21 16:46:06 +0900
Served asset /twitter/bootstrap/collapse.js - 200 OK (3ms)


Started GET "/assets/twitter/bootstrap/dropdown.js?body=1" for 192.168.223.1 at 2014-01-21 16:46:06 +0900
Served asset /twitter/bootstrap/dropdown.js - 200 OK (4ms)


Started GET "/assets/twitter/bootstrap/modal.js?body=1" for 192.168.223.1 at 2014-01-21 16:46:06 +0900
Served asset /twitter/bootstrap/modal.js - 200 OK (5ms)


Started GET "/assets/twitter/bootstrap/popover.js?body=1" for 192.168.223.1 at 2014-01-21 16:46:06 +0900
Served asset /twitter/bootstrap/popover.js - 200 OK (3ms)


Started GET "/assets/twitter/bootstrap/tooltip.js?body=1" for 192.168.223.1 at 2014-01-21 16:46:06 +0900
Served asset /twitter/bootstrap/tooltip.js - 200 OK (2ms)


Started GET "/assets/twitter/bootstrap/scrollspy.js?body=1" for 192.168.223.1 at 2014-01-21 16:46:06 +0900
Served asset /twitter/bootstrap/scrollspy.js - 200 OK (2ms)


Started GET "/assets/twitter/bootstrap.js?body=1" for 192.168.223.1 at 2014-01-21 16:46:06 +0900
Served asset /twitter/bootstrap.js - 200 OK (28ms)


Started GET "/assets/bootstrap.js?body=1" for 192.168.223.1 at 2014-01-21 16:46:06 +0900
Served asset /bootstrap.js - 200 OK (1ms)


Started GET "/assets/pages.js?body=1" for 192.168.223.1 at 2014-01-21 16:46:06 +0900
Served asset /pages.js - 200 OK (1ms)


Started GET "/assets/twitter/bootstrap/affix.js?body=1" for 192.168.223.1 at 2014-01-21 16:46:06 +0900
Served asset /twitter/bootstrap/affix.js - 200 OK (2ms)


Started GET "/assets/twitter/bootstrap/tab.js?body=1" for 192.168.223.1 at 2014-01-21 16:46:06 +0900
Served asset /twitter/bootstrap/tab.js - 200 OK (2ms)


Started GET "/assets/application.js?body=1" for 192.168.223.1 at 2014-01-21 16:46:06 +0900
Served asset /application.js - 200 OK (15ms)


Started GET "/assets/favicon.ico" for 192.168.223.1 at 2014-01-21 16:46:06 +0900
Served asset /favicon.ico - 404 Not Found (2ms)

ActionController::RoutingError (No route matches [GET] "/assets/favicon.ico"):
  actionpack (3.2.16) lib/action_dispatch/middleware/debug_exceptions.rb:21:in `call'
  actionpack (3.2.16) lib/action_dispatch/middleware/show_exceptions.rb:56:in `call'
  railties (3.2.16) lib/rails/rack/logger.rb:32:in `call_app'
  railties (3.2.16) lib/rails/rack/logger.rb:16:in `block in call'
  activesupport (3.2.16) lib/active_support/tagged_logging.rb:22:in `tagged'
  railties (3.2.16) lib/rails/rack/logger.rb:16:in `call'
  actionpack (3.2.16) lib/action_dispatch/middleware/request_id.rb:22:in `call'
  rack (1.4.5) lib/rack/methodoverride.rb:21:in `call'
  rack (1.4.5) lib/rack/runtime.rb:17:in `call'
  activesupport (3.2.16) lib/active_support/cache/strategy/local_cache.rb:72:in `call'
  rack (1.4.5) lib/rack/lock.rb:15:in `call'
  actionpack (3.2.16) lib/action_dispatch/middleware/static.rb:63:in `call'
  railties (3.2.16) lib/rails/engine.rb:484:in `call'
  railties (3.2.16) lib/rails/application.rb:231:in `call'
  rack (1.4.5) lib/rack/content_length.rb:14:in `call'
  railties (3.2.16) lib/rails/rack/log_tailer.rb:17:in `call'
  rack (1.4.5) lib/rack/handler/webrick.rb:59:in `service'
  /usr/local/rvm/rubies/ruby-1.9.3-p448/lib/ruby/1.9.1/webrick/httpserver.rb:138:in `service'
  /usr/local/rvm/rubies/ruby-1.9.3-p448/lib/ruby/1.9.1/webrick/httpserver.rb:94:in `run'
  /usr/local/rvm/rubies/ruby-1.9.3-p448/lib/ruby/1.9.1/webrick/server.rb:191:in `block in start_thread'


  Rendered /usr/local/rvm/gems/ruby-1.9.3-p448/gems/actionpack-3.2.16/lib/action_dispatch/middleware/templates/rescues/routing_error.erb within rescues/layout (0.4ms)
